<?xml version="1.0" encoding="UTF-8"?>
<!-- Generated by org.testng.reporters.JUnitReportReporter -->
<testsuite hostname="LAPTOP-S1UUMFU4" failures="0" tests="7" name="org.symb.SeleniumTask" time="11.751" errors="0" timestamp="2024-12-27T15:08:38 IST" skipped="0">
  <testcase classname="org.symb.SeleniumTask" name="TC001" time="1.347"/>
  <system-out/>
  <testcase classname="org.symb.SeleniumTask" name="TC002" time="1.405"/>
  <system-out/>
  <testcase classname="org.symb.SeleniumTask" name="TC003" time="1.515"/>
  <system-out/>
  <testcase classname="org.symb.SeleniumTask" name="TC004" time="1.503"/>
  <system-out/>
  <testcase classname="org.symb.SeleniumTask" name="TC005" time="1.706"/>
  <system-out/>
  <testcase classname="org.symb.SeleniumTask" name="TC006" time="1.906"/>
  <system-out/>
  <testcase classname="org.symb.SeleniumTask" name="TC007" time="2.369"/>
  <system-out/>
</testsuite> <!-- org.symb.SeleniumTask -->
